<?xml version="1.0" encoding="UTF-8"?>
<!-- Generated by org.testng.reporters.JUnitReportReporter -->
<testsuite hostname="macos-C02XP0SAJG5J" failures="0" tests="1" name="org.Assignment4" time="20.652" errors="0" timestamp="2023-08-15T11:49:47 IST" skipped="0">
  <testcase classname="org.Assignment4" name="W3SchoolsTest" time="20.652"/>
  <system-out/>
</testsuite> <!-- org.Assignment4 -->
