<?xml version="1.0" encoding="UTF-8"?>
<!-- Generated by org.testng.reporters.JUnitReportReporter -->
<testsuite hostname="macos-C02XP0SAJG5J" failures="0" tests="1" name="org.Assignment3" time="7.257" errors="0" timestamp="2023-08-15T11:49:47 IST" skipped="0">
  <testcase classname="org.Assignment3" name="GooglePageTest" time="7.257"/>
  <system-out/>
</testsuite> <!-- org.Assignment3 -->
